Arguments: 
  C:\Program Files\nodejs\node.exe C:\Users\samsung\AppData\Roaming\npm\node_modules\yarn\bin\yarn.js add -modules-folder ./_assets/yarn

PATH: 
  C:\Python27\;C:\Python27\Scripts;C:\Program Files (x86)\Intel\iCLS Client\;C:\Program Files\Intel\iCLS Client\;C:\WINDOWS\system32;C:\WINDOWS;C:\WINDOWS\System32\Wbem;C:\WINDOWS\System32\WindowsPowerShell\v1.0\;C:\Program Files (x86)\Intel\Intel(R) Management Engine Components\DAL;C:\Program Files\Intel\Intel(R) Management Engine Components\DAL;C:\Program Files (x86)\Intel\Intel(R) Management Engine Components\IPT;C:\Program Files\Intel\Intel(R) Management Engine Components\IPT;C:\Program Files\dotnet\;C:\Program Files\Microsoft SQL Server\130\Tools\Binn\;C:\WINDOWS\System32\OpenSSH\;C:\Program Files\Intel\WiFi\bin\;C:\Program Files\Common Files\Intel\WirelessCommon\;C:\Go\bin;C:\Users\samsung\Desktop;C:\Git\cmd;C:\Git;C:\Program Files\PostgreSQL\11\bin;C:\Program Files\nodejs\;C:\ProgramData\chocolatey\bin;C:\Program Files\PostgreSQL\12\bin;C:\Program Files\MariaDB 10.4\bin;C:\Users\samsung\OneDrive\바탕 화면\flutter-study\bin;C:\Ruby27-x64\bin;C:\Users\samsung\AppData\Local\Programs\Python\Python38\Scripts\;C:\Users\samsung\AppData\Local\Programs\Python\Python38\;C:\Users\samsung\AppData\Local\Microsoft\WindowsApps;C:\texlive\2019\bin\win32;C:\Users\samsung\go\bin;C:\Users\samsung\AppData\Local\GitHubDesktop\bin;C:\Users\samsung\AppData\Local\Microsoft\WindowsApps;C:\Users\samsung\AppData\Local\Programs\Python\Python38-32;C:\Users\samsung\AppData\Local\Programs\Python\Python38-32\Scripts;C:\Users\samsung\AppData\Local\Programs\Microsoft VS Code\bin;C:\Users\samsung\AppData\Roaming\npm;C:\Users\samsung\OneDrive\바탕 화면\flutter-study\flutter\bin

Yarn version: 
  1.22.4

Node version: 
  12.14.1

Platform: 
  win32 x64

Trace: 
  Error: https://registry.yarnpkg.com/-f: Not found
      at Request.params.callback [as _callback] (C:\Users\samsung\AppData\Roaming\npm\node_modules\yarn\lib\cli.js:66987:18)
      at Request.self.callback (C:\Users\samsung\AppData\Roaming\npm\node_modules\yarn\lib\cli.js:140748:22)
      at Request.emit (events.js:223:5)
      at Request.<anonymous> (C:\Users\samsung\AppData\Roaming\npm\node_modules\yarn\lib\cli.js:141720:10)
      at Request.emit (events.js:223:5)
      at IncomingMessage.<anonymous> (C:\Users\samsung\AppData\Roaming\npm\node_modules\yarn\lib\cli.js:141642:12)
      at Object.onceWrapper (events.js:312:28)
      at IncomingMessage.emit (events.js:228:7)
      at endReadableNT (_stream_readable.js:1185:12)
      at processTicksAndRejections (internal/process/task_queues.js:81:21)

npm manifest: 
  {
    "name": "chalk",
    "scripts": {
      "setup": "bin/setup",
      "local": "bundle exec jekyll serve --drafts",
      "publish": "bin/deploy"
    },
    "dependencies": {
      "jquery": "^3.2.1",
      "npm": "^6.0.1",
      "retinajs": "^2.1.1",
      "svgxuse": "^1.2.4",
      "webfontloader": "^1.6.28",
      "zooming": "^2.0.0"
    }
  }

yarn manifest: 
  No manifest

Lockfile: 
  No lockfile
